# JRE version: Java(TM) SE Runtime Environment (8.0_45-b15) (build 1.8.0_45-b15)
# Java VM: Java HotSpot(TM) 64-Bit Server VM (25.45-b02 mixed mode windows-amd64 compressed oops)
Heap:
 PSYoungGen      total 647168K, used 408486K [0x00000000d5f00000, 0x0000000100000000, 0x0000000100000000)
  eden space 603136K, 67% used [0x00000000d5f00000,0x00000000eede9be0,0x00000000fac00000)
  from space 44032K, 0% used [0x00000000fd500000,0x00000000fd500000,0x0000000100000000)
  to   space 41984K, 0% used [0x00000000fac00000,0x00000000fac00000,0x00000000fd500000)
 ParOldGen       total 181760K, used 75640K [0x0000000081c00000, 0x000000008cd80000, 0x00000000d5f00000)
  object space 181760K, 41% used [0x0000000081c00000,0x00000000865de268,0x000000008cd80000)
 Metaspace       used 107614K, capacity 108822K, committed 109184K, reserved 1144832K
  class space    used 13866K, capacity 14105K, committed 14208K, reserved 1048576K
GC Heap History (10 events):
Event: 32.377 GC heap before
{Heap before GC invocations=20 (full 3):
 PSYoungGen      total 657408K, used 654900K [0x00000000d5f00000, 0x0000000100000000, 0x0000000100000000)
  eden space 630784K, 100% used [0x00000000d5f00000,0x00000000fc700000,0x00000000fc700000)
  from space 26624K, 90% used [0x00000000fe600000,0x00000000ffd8d210,0x0000000100000000)
  to   space 29184K, 0% used [0x00000000fc700000,0x00000000fc700000,0x00000000fe380000)
 ParOldGen       total 129536K, used 47953K [0x0000000081c00000, 0x0000000089a80000, 0x00000000d5f00000)
  object space 129536K, 37% used [0x0000000081c00000,0x0000000084ad44a0,0x0000000089a80000)
 Metaspace       used 83813K, capacity 84502K, committed 85120K, reserved 1124352K
  class space    used 10897K, capacity 11045K, committed 11136K, reserved 1048576K
Event: 32.967 GC heap after
Heap after GC invocations=20 (full 3):
 PSYoungGen      total 659968K, used 29183K [0x00000000d5f00000, 0x0000000100000000, 0x0000000100000000)
  eden space 630784K, 0% used [0x00000000d5f00000,0x00000000d5f00000,0x00000000fc700000)
  from space 29184K, 99% used [0x00000000fc700000,0x00000000fe37fd88,0x00000000fe380000)
  to   space 29184K, 0% used [0x00000000fe380000,0x00000000fe380000,0x0000000100000000)
 ParOldGen       total 129536K, used 69190K [0x0000000081c00000, 0x0000000089a80000, 0x00000000d5f00000)
  object space 129536K, 53% used [0x0000000081c00000,0x0000000085f91860,0x0000000089a80000)
 Metaspace       used 83813K, capacity 84502K, committed 85120K, reserved 1124352K
  class space    used 10897K, capacity 11045K, committed 11136K, reserved 1048576K
}
Event: 37.792 GC heap before
{Heap before GC invocations=21 (full 3):
 PSYoungGen      total 659968K, used 659967K [0x00000000d5f00000, 0x0000000100000000, 0x0000000100000000)
  eden space 630784K, 100% used [0x00000000d5f00000,0x00000000fc700000,0x00000000fc700000)
  from space 29184K, 99% used [0x00000000fc700000,0x00000000fe37fd88,0x00000000fe380000)
  to   space 29184K, 0% used [0x00000000fe380000,0x00000000fe380000,0x0000000100000000)
 ParOldGen       total 129536K, used 69190K [0x0000000081c00000, 0x0000000089a80000, 0x00000000d5f00000)
  object space 129536K, 53% used [0x0000000081c00000,0x0000000085f91860,0x0000000089a80000)
 Metaspace       used 88516K, capacity 89292K, committed 89856K, reserved 1128448K
  class space    used 11508K, capacity 11694K, committed 11776K, reserved 1048576K
Event: 37.839 GC heap after
Heap after GC invocations=21 (full 3):
 PSYoungGen      total 635392K, used 24632K [0x00000000d5f00000, 0x0000000100000000, 0x0000000100000000)
  eden space 606208K, 0% used [0x00000000d5f00000,0x00000000d5f00000,0x00000000faf00000)
  from space 29184K, 84% used [0x00000000fe380000,0x00000000ffb8e038,0x0000000100000000)
  to   space 41472K, 0% used [0x00000000faf00000,0x00000000faf00000,0x00000000fd780000)
 ParOldGen       total 129536K, used 77672K [0x0000000081c00000, 0x0000000089a80000, 0x00000000d5f00000)
  object space 129536K, 59% used [0x0000000081c00000,0x00000000867da0e0,0x0000000089a80000)
 Metaspace       used 88516K, capacity 89292K, committed 89856K, reserved 1128448K
  class space    used 11508K, capacity 11694K, committed 11776K, reserved 1048576K
}
Event: 41.223 GC heap before
{Heap before GC invocations=22 (full 3):
 PSYoungGen      total 635392K, used 630840K [0x00000000d5f00000, 0x0000000100000000, 0x0000000100000000)
  eden space 606208K, 100% used [0x00000000d5f00000,0x00000000faf00000,0x00000000faf00000)
  from space 29184K, 84% used [0x00000000fe380000,0x00000000ffb8e038,0x0000000100000000)
  to   space 41472K, 0% used [0x00000000faf00000,0x00000000faf00000,0x00000000fd780000)
 ParOldGen       total 129536K, used 77672K [0x0000000081c00000, 0x0000000089a80000, 0x00000000d5f00000)
  object space 129536K, 59% used [0x0000000081c00000,0x00000000867da0e0,0x0000000089a80000)
 Metaspace       used 92260K, capacity 93058K, committed 93440K, reserved 1130496K
  class space    used 12038K, capacity 12215K, committed 12288K, reserved 1048576K
Event: 41.296 GC heap after
Heap after GC invocations=22 (full 3):
 PSYoungGen      total 638464K, used 32036K [0x00000000d5f00000, 0x0000000100000000, 0x0000000100000000)
  eden space 606208K, 0% used [0x00000000d5f00000,0x00000000d5f00000,0x00000000faf00000)
  from space 32256K, 99% used [0x00000000faf00000,0x00000000fce491a0,0x00000000fce80000)
  to   space 44032K, 0% used [0x00000000fd500000,0x00000000fd500000,0x0000000100000000)
 ParOldGen       total 129536K, used 84691K [0x0000000081c00000, 0x0000000089a80000, 0x00000000d5f00000)
  object space 129536K, 65% used [0x0000000081c00000,0x0000000086eb4fb8,0x0000000089a80000)
 Metaspace       used 92260K, capacity 93058K, committed 93440K, reserved 1130496K
  class space    used 12038K, capacity 12215K, committed 12288K, reserved 1048576K
}
Event: 44.245 GC heap before
{Heap before GC invocations=23 (full 3):
 PSYoungGen      total 638464K, used 450448K [0x00000000d5f00000, 0x0000000100000000, 0x0000000100000000)
  eden space 606208K, 69% used [0x00000000d5f00000,0x00000000ef79af38,0x00000000faf00000)
  from space 32256K, 99% used [0x00000000faf00000,0x00000000fce491a0,0x00000000fce80000)
  to   space 44032K, 0% used [0x00000000fd500000,0x00000000fd500000,0x0000000100000000)
 ParOldGen       total 129536K, used 84691K [0x0000000081c00000, 0x0000000089a80000, 0x00000000d5f00000)
  object space 129536K, 65% used [0x0000000081c00000,0x0000000086eb4fb8,0x0000000089a80000)
 Metaspace       used 97273K, capacity 98220K, committed 98560K, reserved 1134592K
  class space    used 12745K, capacity 12942K, committed 13056K, reserved 1048576K
Event: 44.292 GC heap after
Heap after GC invocations=23 (full 3):
 PSYoungGen      total 647168K, used 18421K [0x00000000d5f00000, 0x0000000100000000, 0x0000000100000000)
  eden space 603136K, 0% used [0x00000000d5f00000,0x00000000d5f00000,0x00000000fac00000)
  from space 44032K, 41% used [0x00000000fd500000,0x00000000fe6fd410,0x0000000100000000)
  to   space 41984K, 0% used [0x00000000fac00000,0x00000000fac00000,0x00000000fd500000)
 ParOldGen       total 129536K, used 91412K [0x0000000081c00000, 0x0000000089a80000, 0x00000000d5f00000)
  object space 129536K, 70% used [0x0000000081c00000,0x0000000087545008,0x0000000089a80000)
 Metaspace       used 97273K, capacity 98220K, committed 98560K, reserved 1134592K
  class space    used 12745K, capacity 12942K, committed 13056K, reserved 1048576K
}
Event: 44.293 GC heap before
{Heap before GC invocations=24 (full 4):
 PSYoungGen      total 647168K, used 18421K [0x00000000d5f00000, 0x0000000100000000, 0x0000000100000000)
  eden space 603136K, 0% used [0x00000000d5f00000,0x00000000d5f00000,0x00000000fac00000)
  from space 44032K, 41% used [0x00000000fd500000,0x00000000fe6fd410,0x0000000100000000)
  to   space 41984K, 0% used [0x00000000fac00000,0x00000000fac00000,0x00000000fd500000)
 ParOldGen       total 129536K, used 91412K [0x0000000081c00000, 0x0000000089a80000, 0x00000000d5f00000)
  object space 129536K, 70% used [0x0000000081c00000,0x0000000087545008,0x0000000089a80000)
 Metaspace       used 97273K, capacity 98220K, committed 98560K, reserved 1134592K
  class space    used 12745K, capacity 12942K, committed 13056K, reserved 1048576K
Event: 45.540 GC heap after
Heap after GC invocations=24 (full 4):
 PSYoungGen      total 647168K, used 0K [0x00000000d5f00000, 0x0000000100000000, 0x0000000100000000)
  eden space 603136K, 0% used [0x00000000d5f00000,0x00000000d5f00000,0x00000000fac00000)
  from space 44032K, 0% used [0x00000000fd500000,0x00000000fd500000,0x0000000100000000)
  to   space 41984K, 0% used [0x00000000fac00000,0x00000000fac00000,0x00000000fd500000)
 ParOldGen       total 181760K, used 75640K [0x0000000081c00000, 0x000000008cd80000, 0x00000000d5f00000)
  object space 181760K, 41% used [0x0000000081c00000,0x00000000865de268,0x000000008cd80000)
 Metaspace       used 97273K, capacity 98220K, committed 98560K, reserved 1134592K
  class space    used 12745K, capacity 12942K, committed 13056K, reserved 1048576K
}

